# JRE version: Java(TM) SE Runtime Environment (8.0_211-b12) (build 1.8.0_211-b12)
# Java VM: Java HotSpot(TM) 64-Bit Server VM (25.211-b12 mixed mode windows-amd64 compressed oops)
Heap:
 PSYoungGen      total 37888K, used 27879K [0x00000000d6300000, 0x00000000d8d00000, 0x0000000100000000)
  eden space 32768K, 85% used [0x00000000d6300000,0x00000000d7e39d40,0x00000000d8300000)
  from space 5120K, 0% used [0x00000000d8300000,0x00000000d8300000,0x00000000d8800000)
  to   space 5120K, 0% used [0x00000000d8800000,0x00000000d8800000,0x00000000d8d00000)
 ParOldGen       total 42496K, used 6759K [0x0000000082800000, 0x0000000085180000, 0x00000000d6300000)
  object space 42496K, 15% used [0x0000000082800000,0x0000000082e99cc8,0x0000000085180000)
 Metaspace       used 23768K, capacity 24742K, committed 25088K, reserved 1071104K
  class space    used 2957K, capacity 3233K, committed 3328K, reserved 1048576K
GC Heap History (8 events):
Event: 1.580 GC heap before
{Heap before GC invocations=1 (full 0):
 PSYoungGen      total 37888K, used 32768K [0x00000000d6300000, 0x00000000d8d00000, 0x0000000100000000)
  eden space 32768K, 100% used [0x00000000d6300000,0x00000000d8300000,0x00000000d8300000)
  from space 5120K, 0% used [0x00000000d8800000,0x00000000d8800000,0x00000000d8d00000)
  to   space 5120K, 0% used [0x00000000d8300000,0x00000000d8300000,0x00000000d8800000)
 ParOldGen       total 86016K, used 0K [0x0000000082800000, 0x0000000087c00000, 0x00000000d6300000)
  object space 86016K, 0% used [0x0000000082800000,0x0000000082800000,0x0000000087c00000)
 Metaspace       used 11950K, capacity 12242K, committed 12288K, reserved 1060864K
  class space    used 1410K, capacity 1507K, committed 1536K, reserved 1048576K
Event: 1.588 GC heap after
Heap after GC invocations=1 (full 0):
 PSYoungGen      total 37888K, used 5096K [0x00000000d6300000, 0x00000000d8d00000, 0x0000000100000000)
  eden space 32768K, 0% used [0x00000000d6300000,0x00000000d6300000,0x00000000d8300000)
  from space 5120K, 99% used [0x00000000d8300000,0x00000000d87fa2f0,0x00000000d8800000)
  to   space 5120K, 0% used [0x00000000d8800000,0x00000000d8800000,0x00000000d8d00000)
 ParOldGen       total 86016K, used 609K [0x0000000082800000, 0x0000000087c00000, 0x00000000d6300000)
  object space 86016K, 0% used [0x0000000082800000,0x0000000082898690,0x0000000087c00000)
 Metaspace       used 11950K, capacity 12242K, committed 12288K, reserved 1060864K
  class space    used 1410K, capacity 1507K, committed 1536K, reserved 1048576K
}
Event: 21.642 GC heap before
{Heap before GC invocations=2 (full 0):
 PSYoungGen      total 37888K, used 37864K [0x00000000d6300000, 0x00000000d8d00000, 0x0000000100000000)
  eden space 32768K, 100% used [0x00000000d6300000,0x00000000d8300000,0x00000000d8300000)
  from space 5120K, 99% used [0x00000000d8300000,0x00000000d87fa2f0,0x00000000d8800000)
  to   space 5120K, 0% used [0x00000000d8800000,0x00000000d8800000,0x00000000d8d00000)
 ParOldGen       total 86016K, used 609K [0x0000000082800000, 0x0000000087c00000, 0x00000000d6300000)
  object space 86016K, 0% used [0x0000000082800000,0x0000000082898690,0x0000000087c00000)
 Metaspace       used 17415K, capacity 18212K, committed 18304K, reserved 1064960K
  class space    used 2146K, capacity 2340K, committed 2432K, reserved 1048576K
Event: 21.652 GC heap after
Heap after GC invocations=2 (full 0):
 PSYoungGen      total 37888K, used 5113K [0x00000000d6300000, 0x00000000d8d00000, 0x0000000100000000)
  eden space 32768K, 0% used [0x00000000d6300000,0x00000000d6300000,0x00000000d8300000)
  from space 5120K, 99% used [0x00000000d8800000,0x00000000d8cfe798,0x00000000d8d00000)
  to   space 5120K, 0% used [0x00000000d8300000,0x00000000d8300000,0x00000000d8800000)
 ParOldGen       total 86016K, used 2676K [0x0000000082800000, 0x0000000087c00000, 0x00000000d6300000)
  object space 86016K, 3% used [0x0000000082800000,0x0000000082a9d000,0x0000000087c00000)
 Metaspace       used 17415K, capacity 18212K, committed 18304K, reserved 1064960K
  class space    used 2146K, capacity 2340K, committed 2432K, reserved 1048576K
}
Event: 22.044 GC heap before
{Heap before GC invocations=3 (full 0):
 PSYoungGen      total 37888K, used 23788K [0x00000000d6300000, 0x00000000d8d00000, 0x0000000100000000)
  eden space 32768K, 56% used [0x00000000d6300000,0x00000000d753c9b0,0x00000000d8300000)
  from space 5120K, 99% used [0x00000000d8800000,0x00000000d8cfe798,0x00000000d8d00000)
  to   space 5120K, 0% used [0x00000000d8300000,0x00000000d8300000,0x00000000d8800000)
 ParOldGen       total 86016K, used 2676K [0x0000000082800000, 0x0000000087c00000, 0x00000000d6300000)
  object space 86016K, 3% used [0x0000000082800000,0x0000000082a9d000,0x0000000087c00000)
 Metaspace       used 20292K, capacity 21180K, committed 21248K, reserved 1067008K
  class space    used 2491K, capacity 2752K, committed 2816K, reserved 1048576K
Event: 22.050 GC heap after
Heap after GC invocations=3 (full 0):
 PSYoungGen      total 37888K, used 5116K [0x00000000d6300000, 0x00000000d8d00000, 0x0000000100000000)
  eden space 32768K, 0% used [0x00000000d6300000,0x00000000d6300000,0x00000000d8300000)
  from space 5120K, 99% used [0x00000000d8300000,0x00000000d87ff068,0x00000000d8800000)
  to   space 5120K, 0% used [0x00000000d8800000,0x00000000d8800000,0x00000000d8d00000)
 ParOldGen       total 86016K, used 4429K [0x0000000082800000, 0x0000000087c00000, 0x00000000d6300000)
  object space 86016K, 5% used [0x0000000082800000,0x0000000082c53520,0x0000000087c00000)
 Metaspace       used 20292K, capacity 21180K, committed 21248K, reserved 1067008K
  class space    used 2491K, capacity 2752K, committed 2816K, reserved 1048576K
}
Event: 22.050 GC heap before
{Heap before GC invocations=4 (full 1):
 PSYoungGen      total 37888K, used 5116K [0x00000000d6300000, 0x00000000d8d00000, 0x0000000100000000)
  eden space 32768K, 0% used [0x00000000d6300000,0x00000000d6300000,0x00000000d8300000)
  from space 5120K, 99% used [0x00000000d8300000,0x00000000d87ff068,0x00000000d8800000)
  to   space 5120K, 0% used [0x00000000d8800000,0x00000000d8800000,0x00000000d8d00000)
 ParOldGen       total 86016K, used 4429K [0x0000000082800000, 0x0000000087c00000, 0x00000000d6300000)
  object space 86016K, 5% used [0x0000000082800000,0x0000000082c53520,0x0000000087c00000)
 Metaspace       used 20292K, capacity 21180K, committed 21248K, reserved 1067008K
  class space    used 2491K, capacity 2752K, committed 2816K, reserved 1048576K
Event: 22.086 GC heap after
Heap after GC invocations=4 (full 1):
 PSYoungGen      total 37888K, used 0K [0x00000000d6300000, 0x00000000d8d00000, 0x0000000100000000)
  eden space 32768K, 0% used [0x00000000d6300000,0x00000000d6300000,0x00000000d8300000)
  from space 5120K, 0% used [0x00000000d8300000,0x00000000d8300000,0x00000000d8800000)
  to   space 5120K, 0% used [0x00000000d8800000,0x00000000d8800000,0x00000000d8d00000)
 ParOldGen       total 42496K, used 6759K [0x0000000082800000, 0x0000000085180000, 0x00000000d6300000)
  object space 42496K, 15% used [0x0000000082800000,0x0000000082e99cc8,0x0000000085180000)
 Metaspace       used 20289K, capacity 21172K, committed 21248K, reserved 1067008K
  class space    used 2490K, capacity 2750K, committed 2816K, reserved 1048576K
}

