<?xml version="1.0" encoding="UTF-8"?>
<testng-results skipped="0" failed="0" ignored="0" total="1" passed="1">
  <reporter-output>
  </reporter-output>
  <suite name="Default suite" duration-ms="66931" started-at="2021-01-11T21:11:30 IST" finished-at="2021-01-11T21:12:37 IST">
    <groups>
    </groups>
    <test name="Default test" duration-ms="66931" started-at="2021-01-11T21:11:30 IST" finished-at="2021-01-11T21:12:37 IST">
      <class name="com.ibm.mobileassignment.AdvancedAssignment_Test">
        <test-method status="PASS" signature="beforeMethod()[pri:0, instance:com.ibm.mobileassignment.AdvancedAssignment_Test@4e7dc304]" name="beforeMethod" is-config="true" duration-ms="15298" started-at="2021-01-11T21:11:30 IST" finished-at="2021-01-11T21:11:45 IST">
          <reporter-output>
          </reporter-output>
        </test-method> <!-- beforeMethod -->
        <test-method status="PASS" signature="function()[pri:0, instance:com.ibm.mobileassignment.AdvancedAssignment_Test@4e7dc304]" name="function" duration-ms="49659" started-at="2021-01-11T21:11:45 IST" finished-at="2021-01-11T21:12:35 IST">
          <reporter-output>
          </reporter-output>
        </test-method> <!-- function -->
        <test-method status="PASS" signature="afterMethod()[pri:0, instance:com.ibm.mobileassignment.AdvancedAssignment_Test@4e7dc304]" name="afterMethod" is-config="true" duration-ms="1913" started-at="2021-01-11T21:12:35 IST" finished-at="2021-01-11T21:12:37 IST">
          <reporter-output>
          </reporter-output>
        </test-method> <!-- afterMethod -->
      </class> <!-- com.ibm.mobileassignment.AdvancedAssignment_Test -->
    </test> <!-- Default test -->
  </suite> <!-- Default suite -->
</testng-results>
